    Blocking waiting for file lock on package cache
    Blocking waiting for file lock on package cache
    Blocking waiting for file lock on package cache
   Compiling libc v0.2.171
    Checking memchr v2.7.4
   Compiling syn v2.0.100
    Checking log v0.4.27
    Checking bitflags v2.9.0
    Checking nom v8.0.0
    Checking getrandom v0.3.2
    Checking rand_core v0.9.3
   Compiling serde_derive v1.0.219
   Compiling thiserror-impl v2.0.12
   Compiling thiserror-impl v1.0.69
    Checking rand_chacha v0.9.0
    Checking rand v0.9.0
    Checking nom_locate v5.0.0
    Checking thiserror v1.0.69
    Checking thiserror v2.0.12
    Checking lopdf v0.36.0
    Checking serde v1.0.219
    Checking serde_json v1.0.140
    Checking pdf_exam_tools_lib v0.1.0 (/Users/philiphaynes/devel/teaching/projects/minor-projects/prototypes/pdf-processing/pdf_exam_tools_lib)
warning: unused import: `crate::error::Error`
 --> pdf_exam_tools_lib/src/annotation_utils.rs:1:5
  |
1 | use crate::error::Error; // Assuming library error enum is here
  |     ^^^^^^^^^^^^^^^^^^^
  |
  = note: `#[warn(unused_imports)]` on by default

warning: unused imports: `Dictionary`, `Document`, `Error as LopdfError`, `ObjectId`, and `Object`
 --> pdf_exam_tools_lib/src/annotation_utils.rs:2:13
  |
2 | use lopdf::{Dictionary, Document, Error as LopdfError, Object, ObjectId};
  |             ^^^^^^^^^^  ^^^^^^^^  ^^^^^^^^^^^^^^^^^^^  ^^^^^^  ^^^^^^^^

warning: unused import: `std::str`
 --> pdf_exam_tools_lib/src/annotation_utils.rs:3:5
  |
3 | use std::str;
  |     ^^^^^^^^

warning: `pdf_exam_tools_lib` (lib) generated 3 warnings (run `cargo fix --lib -p pdf_exam_tools_lib` to apply 3 suggestions)
    Finished `dev` profile [unoptimized + debuginfo] target(s) in 14.78s
