Processing label: filename_stamp_p1
  -> Copied 'filename_stamp_p1' to page 1
Processing label: filename_stamp_p2
  -> Copied 'filename_stamp_p2' to page 2
Processing label: filename_stamp_p3
  -> Copied 'filename_stamp_p3' to page 3
Processing label: filename_stamp_p4
  -> Copied 'filename_stamp_p4' to page 4
Processing label: filename_stamp_p5
  -> Copied 'filename_stamp_p5' to page 5
Processing label: filename_stamp_p6
  -> Copied 'filename_stamp_p6' to page 6
Processing label: mark-part-a
  -> Copied 'mark-part-a' to page 1
Processing label: mark-part-b
  -> Copied 'mark-part-b' to page 1
Processing label: mark-total
  -> Copied 'mark-total' to page 1
Processing label: mark-q16-a
  -> Copied 'mark-q16-a' to page 2
Processing label: mark-q16-b
  -> Copied 'mark-q16-b' to page 2
Processing label: mark-q16-c
  -> Copied 'mark-q16-c' to page 2
Processing label: mark-q16-d
  -> Copied 'mark-q16-d' to page 3
Processing label: mark-q16-e
  -> Copied 'mark-q16-e' to page 3
Processing label: mark-q16-f
  -> Copied 'mark-q16-f' to page 3
Processing label: mark-q16-g
  -> Copied 'mark-q16-g' to page 4
Processing label: mark-q16-h
  -> Copied 'mark-q16-h' to page 4
Processing label: mark-q17
  -> Copied 'mark-q17' to page 4
Processing label: mark-q18-a
  -> Copied 'mark-q18-a' to page 5
Processing label: mark-q18-b
  -> Copied 'mark-q18-b' to page 5
Processing label: mark-q19-a
  -> Copied 'mark-q19-a' to page 6
Processing label: mark-q19-b
  -> Copied 'mark-q19-b' to page 6
Saved modified PDF to /Users/philiphaynes/devel/teaching/projects/minor-projects/prototypes/pdf-processing/test_resources/output/Y7SCID_smith_john-950786052_annotated.pdf
